<?xml version="1.0" encoding="UTF-8"?>
<!-- Generated by org.testng.reporters.JUnitXMLReporter -->
<testsuite hostname="IN-IT1483" ignored="0" name="Test1" tests="3" failures="2" timestamp="28 Jul 2019 09:56:27 GMT" time="0.009" errors="0">
  <testcase name="OpenChrome" time="0.001" classname="comproject.selenium.seleniumMVN011.DifferentBrowsers"/>
  <testcase name="OpenIE" time="0.001" classname="comproject.selenium.seleniumMVN011.DifferentBrowsers">
    <failure type="java.lang.NullPointerException">
      <![CDATA[java.lang.NullPointerException
at comproject.selenium.seleniumMVN011.DifferentBrowsers.OpenIE(DifferentBrowsers.java:63)
at java.util.concurrent.ThreadPoolExecutor.runWorker(Unknown Source)
at java.util.concurrent.ThreadPoolExecutor$Worker.run(Unknown Source)
at java.lang.Thread.run(Unknown Source)
... Removed 10 stack frames]]>
    </failure>
  </testcase> <!-- OpenIE -->
  <testcase name="OpenFirefox" time="0.002" classname="comproject.selenium.seleniumMVN011.DifferentBrowsers">
    <failure type="java.lang.NullPointerException">
      <![CDATA[java.lang.NullPointerException
at comproject.selenium.seleniumMVN011.DifferentBrowsers.OpenFirefox(DifferentBrowsers.java:41)
at java.util.concurrent.ThreadPoolExecutor.runWorker(Unknown Source)
at java.util.concurrent.ThreadPoolExecutor$Worker.run(Unknown Source)
at java.lang.Thread.run(Unknown Source)
... Removed 10 stack frames]]>
    </failure>
  </testcase> <!-- OpenFirefox -->
</testsuite> <!-- Test1 -->
