<?xml version="1.0" encoding="UTF-8"?>
<testng-results skipped="0" failed="0" ignored="0" total="1" passed="1">
  <reporter-output>
  </reporter-output>
  <suite name="Surefire suite" duration-ms="16971" started-at="2019-07-22T11:42:01Z" finished-at="2019-07-22T11:42:18Z">
    <groups>
    </groups>
    <test name="Surefire test" duration-ms="16971" started-at="2019-07-22T11:42:01Z" finished-at="2019-07-22T11:42:18Z">
      <class name="comproject.selenium.seleniumMVN011.TestNGProgramDemo1">
        <test-method status="PASS" signature="LoginCheck()[pri:0, instance:comproject.selenium.seleniumMVN011.TestNGProgramDemo1@79b4d0f]" name="LoginCheck" duration-ms="16943" started-at="2019-07-22T11:42:01Z" finished-at="2019-07-22T11:42:18Z">
          <reporter-output>
          </reporter-output>
        </test-method> <!-- LoginCheck -->
      </class> <!-- comproject.selenium.seleniumMVN011.TestNGProgramDemo1 -->
    </test> <!-- Surefire test -->
  </suite> <!-- Surefire suite -->
</testng-results>
