<?xml version="1.0" encoding="UTF-8"?>
<testsuite xmlns:xsi="http://www.w3.org/2001/XMLSchema-instance" xsi:noNamespaceSchemaLocation="https://maven.apache.org/surefire/maven-surefire-plugin/xsd/surefire-test-report.xsd" name="TestSuite" time="2.795" tests="3" errors="0" skipped="0" failures="3">
  <properties>
[...]
</properties>
  <testcase name="init" classname="comproject.selenium.seleniumMVN011.TestNGArrayList" time="0.071">
    <failure message="The driver executable does not exist: C:\Users\mayur.kumshi\Desktop\Selenium\Project2\seleniumMVN011\chromedriver.exe" type="java.lang.IllegalStateException">java.lang.IllegalStateException: The driver executable does not exist: C:\Users\mayur.kumshi\Desktop\Selenium\Project2\seleniumMVN011\chromedriver.exe
	at comproject.selenium.seleniumMVN011.TestNGArrayList.init(TestNGArrayList.java:29)
</failure>
  </testcase>
  <testcase name="search" classname="comproject.selenium.seleniumMVN011.TestNGArrayList" time="0.001">
    <failure type="java.lang.NullPointerException">java.lang.NullPointerException
	at comproject.selenium.seleniumMVN011.TestNGArrayList.search(TestNGArrayList.java:57)
</failure>
  </testcase>
  <testcase name="LoginCheck" classname="comproject.selenium.seleniumMVN011.TestNGProgramDemo1" time="2.079">
    <failure message="The driver executable does not exist: C:\var\lib\jenkins\tools\chromedriver" type="java.lang.IllegalStateException">java.lang.IllegalStateException: The driver executable does not exist: C:\var\lib\jenkins\tools\chromedriver
	at comproject.selenium.seleniumMVN011.TestNGProgramDemo1.LoginCheck(TestNGProgramDemo1.java:23)
</failure>
    <system-err><![CDATA[SLF4J: Failed to load class "org.slf4j.impl.StaticLoggerBinder".
SLF4J: Defaulting to no-operation (NOP) logger implementation
SLF4J: See http://www.slf4j.org/codes.html#StaticLoggerBinder for further details.
]]></system-err>
  </testcase>
</testsuite>