<?xml version="1.0" encoding="UTF-8"?>
<testsuite xmlns:xsi="http://www.w3.org/2001/XMLSchema-instance" xsi:noNamespaceSchemaLocation="https://maven.apache.org/surefire/maven-surefire-plugin/xsd/surefire-test-report.xsd" name="comproject.selenium.seleniumMVN011.TestNGProgramDemo1" time="17.599" tests="1" errors="0" skipped="0" failures="0">
  <properties>
[...]
</properties>
  <testcase name="LoginCheck" classname="comproject.selenium.seleniumMVN011.TestNGProgramDemo1" time="16.944"/>
</testsuite>