<?xml version="1.0" encoding="UTF-8"?>
<testng-results skipped="0" failed="0" ignored="0" total="1" passed="1">
  <reporter-output>
  </reporter-output>
  <suite name="Default suite" duration-ms="26315" started-at="2019-07-31T09:34:07Z" finished-at="2019-07-31T09:34:34Z">
    <groups>
    </groups>
    <test name="Default test" duration-ms="26315" started-at="2019-07-31T09:34:07Z" finished-at="2019-07-31T09:34:34Z">
      <class name="comproject.selenium.seleniumMVN011.TestNGProgramDemo1">
        <test-method status="PASS" signature="LoginCheck()[pri:0, instance:comproject.selenium.seleniumMVN011.TestNGProgramDemo1@5bb21b69]" name="LoginCheck" duration-ms="26297" started-at="2019-07-31T09:34:08Z" finished-at="2019-07-31T09:34:34Z">
          <reporter-output>
          </reporter-output>
        </test-method> <!-- LoginCheck -->
      </class> <!-- comproject.selenium.seleniumMVN011.TestNGProgramDemo1 -->
    </test> <!-- Default test -->
  </suite> <!-- Default suite -->
</testng-results>
