<?xml version="1.0" encoding="UTF-8"?>
<testng-results skipped="0" failed="0" ignored="0" total="1" passed="1">
  <reporter-output>
  </reporter-output>
  <suite name="Default suite" duration-ms="31689" started-at="2019-07-29T10:19:26Z" finished-at="2019-07-29T10:19:57Z">
    <groups>
    </groups>
    <test name="Default test" duration-ms="31689" started-at="2019-07-29T10:19:26Z" finished-at="2019-07-29T10:19:57Z">
      <class name="comproject.selenium.seleniumMVN011.ChromeOptionsDemo">
        <test-method status="PASS" signature="ChromeoptionsUse()[pri:0, instance:comproject.selenium.seleniumMVN011.ChromeOptionsDemo@58c1670b]" name="ChromeoptionsUse" duration-ms="31668" started-at="2019-07-29T10:19:26Z" finished-at="2019-07-29T10:19:57Z">
          <reporter-output>
          </reporter-output>
        </test-method> <!-- ChromeoptionsUse -->
      </class> <!-- comproject.selenium.seleniumMVN011.ChromeOptionsDemo -->
    </test> <!-- Default test -->
  </suite> <!-- Default suite -->
</testng-results>
